Log file open, 04/30/18 10:37:03
LogWindows: Failed to load 'aqProf.dll' (GetLastError=126)
LogWindows: File 'aqProf.dll' does not exist
LogWindows: Failed to load 'VtuneApi.dll' (GetLastError=126)
LogWindows: File 'VtuneApi.dll' does not exist
LogWindows: Failed to load 'VtuneApi32e.dll' (GetLastError=126)
LogWindows: File 'VtuneApi32e.dll' does not exist
LogInit: Display: Running engine for game: EndlessRunnerCleaned
LogPlatformFile: Not using cached read wrapper
LogInit: Display: RandInit(1217750455) SRandInit(1217750455).
LogInit: Read version file with build ID '3709383'
LogInit: Overriding engine version to CL 3832480, compatible CL 3709383
LogInit: Registered custom module enumerator with build ID '3709383'
LogTaskGraph: Started task graph with 5 named threads and 14 total threads with 3 sets of task threads.
LogStats: Stats thread started at 0.275057
LogD3D11RHI: Aftermath initialized
LogModuleManager: Display: Found up-to-date module file ../../../Engine/Plugins/2D/Paper2D/Binaries/Win64/UE4Editor-Paper2D.dll (API version 3709383).
LogModuleManager: Display: Found up-to-date module file ../../../Engine/Plugins/2D/Paper2D/Binaries/Win64/UE4Editor-Paper2DEditor.dll (API version 3709383).
LogModuleManager: Display: Found up-to-date module file ../../../Engine/Plugins/2D/Paper2D/Binaries/Win64/UE4Editor-PaperSpriteSheetImporter.dll (API version 3709383).
LogModuleManager: Display: Found up-to-date module file ../../../Engine/Plugins/2D/Paper2D/Binaries/Win64/UE4Editor-PaperTiledImporter.dll (API version 3709383).
LogModuleManager: Display: Found up-to-date module file ../../../Engine/Plugins/2D/Paper2D/Binaries/Win64/UE4Editor-SmartSnapping.dll (API version 3709383).
LogModuleManager: Display: Found up-to-date module file ../../../Engine/Plugins/Blendables/LightPropagationVolume/Binaries/Win64/UE4Editor-LightPropagationVolumeRuntime.dll (API version 3709383).
LogModuleManager: Display: Found up-to-date module file ../../../Engine/Plugins/Blendables/LightPropagationVolume/Binaries/Win64/UE4Editor-LightPropagationVolumeEditor.dll (API version 3709383).
LogModuleManager: Display: Found up-to-date module file ../../../Engine/Plugins/Developer/GitSourceControl/Binaries/Win64/UE4Editor-GitSourceControl.dll (API version 3709383).
LogModuleManager: Display: Found up-to-date module file ../../../Engine/Plugins/Developer/PerforceSourceControl/Binaries/Win64/UE4Editor-PerforceSourceControl.dll (API version 3709383).
LogModuleManager: Display: Found up-to-date module file ../../../Engine/Plugins/Developer/SubversionSourceControl/Binaries/Win64/UE4Editor-SubversionSourceControl.dll (API version 3709383).
LogModuleManager: Display: Found up-to-date module file ../../../Engine/Plugins/Developer/UObjectPlugin/Binaries/Win64/UE4Editor-UObjectPlugin.dll (API version 3709383).
LogModuleManager: Display: Found up-to-date module file ../../../Engine/Plugins/Developer/VisualStudioCodeSourceCodeAccess/Binaries/Win64/UE4Editor-VisualStudioCodeSourceCodeAccess.dll (API version 3709383).
LogModuleManager: Display: Found up-to-date module file ../../../Engine/Plugins/Developer/VisualStudioSourceCodeAccess/Binaries/Win64/UE4Editor-VisualStudioSourceCodeAccess.dll (API version 3709383).
LogModuleManager: Display: Found up-to-date module file ../../../Engine/Plugins/Editor/AssetManagerEditor/Binaries/Win64/UE4Editor-AssetManagerEditor.dll (API version 3709383).
LogModuleManager: Display: Found up-to-date module file ../../../Engine/Plugins/Editor/AudioCapture/Binaries/Win64/UE4Editor-AudioCapture.dll (API version 3709383).
LogModuleManager: Display: Found up-to-date module file ../../../Engine/Plugins/Editor/FacialAnimation/Binaries/Win64/UE4Editor-FacialAnimation.dll (API version 3709383).
LogModuleManager: Display: Found up-to-date module file ../../../Engine/Plugins/Editor/FacialAnimation/Binaries/Win64/UE4Editor-FacialAnimationEditor.dll (API version 3709383).
LogModuleManager: Display: Found up-to-date module file ../../../Engine/Plugins/Editor/GameplayTagsEditor/Binaries/Win64/UE4Editor-GameplayTagsEditor.dll (API version 3709383).
LogModuleManager: Display: Found up-to-date module file ../../../Engine/Plugins/Editor/MobileLauncherProfileWizard/Binaries/Win64/UE4Editor-MobileLauncherProfileWizard.dll (API version 3709383).
LogModuleManager: Display: Found up-to-date module file ../../../Engine/Plugins/Editor/PluginBrowser/Binaries/Win64/UE4Editor-PluginBrowser.dll (API version 3709383).
LogModuleManager: Display: Found up-to-date module file ../../../Engine/Plugins/Editor/SpeedTreeImporter/Binaries/Win64/UE4Editor-SpeedTreeImporter.dll (API version 3709383).
LogModuleManager: Display: Found up-to-date module file ../../../Engine/Plugins/Experimental/AlembicImporter/Binaries/Win64/UE4Editor-AlembicImporter.dll (API version 3709383).
LogModuleManager: Display: Found up-to-date module file ../../../Engine/Plugins/Experimental/AlembicImporter/Binaries/Win64/UE4Editor-AlembicLibrary.dll (API version 3709383).
LogModuleManager: Display: Found up-to-date module file ../../../Engine/Plugins/Experimental/CharacterAI/Binaries/Win64/UE4Editor-CharacterAI.dll (API version 3709383).
LogModuleManager: Display: Found up-to-date module file ../../../Engine/Plugins/Experimental/HTML5Networking/Binaries/Win64/UE4Editor-HTML5Networking.dll (API version 3709383).
LogModuleManager: Display: Found up-to-date module file ../../../Engine/Plugins/Media/AndroidMedia/Binaries/Win64/UE4Editor-AndroidMediaEditor.dll (API version 3709383).
LogModuleManager: Display: Found up-to-date module file ../../../Engine/Plugins/Media/AndroidMedia/Binaries/Win64/UE4Editor-AndroidMediaFactory.dll (API version 3709383).
LogModuleManager: Display: Found up-to-date module file ../../../Engine/Plugins/Media/AvfMedia/Binaries/Win64/UE4Editor-AvfMediaEditor.dll (API version 3709383).
LogModuleManager: Display: Found up-to-date module file ../../../Engine/Plugins/Media/AvfMedia/Binaries/Win64/UE4Editor-AvfMediaFactory.dll (API version 3709383).
LogModuleManager: Display: Found up-to-date module file ../../../Engine/Plugins/Media/AvfMedia/Binaries/Win64/UE4Editor-AvfMediaFactory.dll (API version 3709383).
LogModuleManager: Display: Found up-to-date module file ../../../Engine/Plugins/Media/ImgMedia/Binaries/Win64/UE4Editor-ImgMedia.dll (API version 3709383).
LogModuleManager: Display: Found up-to-date module file ../../../Engine/Plugins/Media/ImgMedia/Binaries/Win64/UE4Editor-ImgMediaEditor.dll (API version 3709383).
LogModuleManager: Display: Found up-to-date module file ../../../Engine/Plugins/Media/ImgMedia/Binaries/Win64/UE4Editor-ImgMediaFactory.dll (API version 3709383).
LogModuleManager: Display: Found up-to-date module file ../../../Engine/Plugins/Media/ImgMedia/Binaries/Win64/UE4Editor-ImgMediaFactory.dll (API version 3709383).
LogModuleManager: Display: Found up-to-date module file ../../../Engine/Plugins/Media/ImgMedia/Binaries/Win64/UE4Editor-OpenExrWrapper.dll (API version 3709383).
LogModuleManager: Display: Found up-to-date module file ../../../Engine/Plugins/Media/MediaCompositing/Binaries/Win64/UE4Editor-MediaCompositing.dll (API version 3709383).
LogModuleManager: Display: Found up-to-date module file ../../../Engine/Plugins/Media/MediaCompositing/Binaries/Win64/UE4Editor-MediaCompositingEditor.dll (API version 3709383).
LogModuleManager: Display: Found up-to-date module file ../../../Engine/Plugins/Media/MediaPlayerEditor/Binaries/Win64/UE4Editor-MediaPlayerEditor.dll (API version 3709383).
LogModuleManager: Display: Found up-to-date module file ../../../Engine/Plugins/Media/WmfMedia/Binaries/Win64/UE4Editor-WmfMedia.dll (API version 3709383).
LogModuleManager: Display: Found up-to-date module file ../../../Engine/Plugins/Media/WmfMedia/Binaries/Win64/UE4Editor-WmfMediaEditor.dll (API version 3709383).
LogModuleManager: Display: Found up-to-date module file ../../../Engine/Plugins/Media/WmfMedia/Binaries/Win64/UE4Editor-WmfMediaFactory.dll (API version 3709383).
LogModuleManager: Display: Found up-to-date module file ../../../Engine/Plugins/Media/WmfMedia/Binaries/Win64/UE4Editor-WmfMediaFactory.dll (API version 3709383).
LogModuleManager: Display: Found up-to-date module file ../../../Engine/Plugins/Messaging/TcpMessaging/Binaries/Win64/UE4Editor-TcpMessaging.dll (API version 3709383).
LogModuleManager: Display: Found up-to-date module file ../../../Engine/Plugins/Messaging/UdpMessaging/Binaries/Win64/UE4Editor-UdpMessaging.dll (API version 3709383).
LogModuleManager: Display: Found up-to-date module file ../../../Engine/Plugins/MovieScene/ActorSequence/Binaries/Win64/UE4Editor-ActorSequence.dll (API version 3709383).
LogModuleManager: Display: Found up-to-date module file ../../../Engine/Plugins/MovieScene/LevelSequenceEditor/Binaries/Win64/UE4Editor-LevelSequenceEditor.dll (API version 3709383).
LogModuleManager: Display: Found up-to-date module file ../../../Engine/Plugins/MovieScene/MatineeToLevelSequence/Binaries/Win64/UE4Editor-MatineeToLevelSequence.dll (API version 3709383).
LogModuleManager: Display: Found up-to-date module file ../../../Engine/Plugins/Online/OnlineSubsystem/Binaries/Win64/UE4Editor-OnlineSubsystem.dll (API version 3709383).
LogModuleManager: Display: Found up-to-date module file ../../../Engine/Plugins/Runtime/AndroidPermission/Binaries/Win64/UE4Editor-AndroidPermission.dll (API version 3709383).
LogModuleManager: Display: Found up-to-date module file ../../../Engine/Plugins/Online/OnlineSubsystemNull/Binaries/Win64/UE4Editor-OnlineSubsystemNull.dll (API version 3709383).
LogModuleManager: Display: Found up-to-date module file ../../../Engine/Plugins/Online/OnlineSubsystemUtils/Binaries/Win64/UE4Editor-OnlineSubsystemUtils.dll (API version 3709383).
LogModuleManager: Display: Found up-to-date module file ../../../Engine/Plugins/Online/OnlineSubsystemUtils/Binaries/Win64/UE4Editor-OnlineBlueprintSupport.dll (API version 3709383).
LogModuleManager: Display: Found up-to-date module file ../../../Engine/Plugins/Runtime/AndroidDeviceProfileSelector/Binaries/Win64/UE4Editor-AndroidDeviceProfileSelector.dll (API version 3709383).
LogModuleManager: Display: Found up-to-date module file ../../../Engine/Plugins/Runtime/AppleARKit/Binaries/Win64/UE4Editor-AppleARKit.dll (API version 3709383).
LogModuleManager: Display: Found up-to-date module file ../../../Engine/Plugins/Runtime/ArchVisCharacter/Binaries/Win64/UE4Editor-ArchVisCharacter.dll (API version 3709383).
LogModuleManager: Display: Found up-to-date module file ../../../Engine/Plugins/Runtime/CableComponent/Binaries/Win64/UE4Editor-CableComponent.dll (API version 3709383).
LogModuleManager: Display: Found up-to-date module file ../../../Engine/Plugins/Runtime/CustomMeshComponent/Binaries/Win64/UE4Editor-CustomMeshComponent.dll (API version 3709383).
LogModuleManager: Display: Found up-to-date module file ../../../Engine/Plugins/Runtime/ExampleDeviceProfileSelector/Binaries/Win64/UE4Editor-ExampleDeviceProfileSelector.dll (API version 3709383).
LogModuleManager: Display: Found up-to-date module file ../../../Engine/Plugins/Runtime/ImmediatePhysics/Binaries/Win64/UE4Editor-ImmediatePhysics.dll (API version 3709383).
LogModuleManager: Display: Found up-to-date module file ../../../Engine/Plugins/Runtime/ImmediatePhysics/Binaries/Win64/UE4Editor-ImmediatePhysicsEditor.dll (API version 3709383).
LogModuleManager: Display: Found up-to-date module file ../../../Engine/Plugins/Runtime/LocationServicesBPLibrary/Binaries/Win64/UE4Editor-LocationServicesBPLibrary.dll (API version 3709383).
LogModuleManager: Display: Found up-to-date module file ../../../Engine/Plugins/Runtime/MobilePatchingUtils/Binaries/Win64/UE4Editor-MobilePatchingUtils.dll (API version 3709383).
LogModuleManager: Display: Found up-to-date module file ../../../Engine/Plugins/Runtime/Oculus/OculusVR/Binaries/Win64/UE4Editor-OculusHMD.dll (API version 3709383).
LogModuleManager: Display: Found up-to-date module file ../../../Engine/Plugins/Runtime/Oculus/OculusVR/Binaries/Win64/UE4Editor-OculusInput.dll (API version 3709383).
LogModuleManager: Display: Found up-to-date module file ../../../Engine/Plugins/Runtime/Oculus/OculusVR/Binaries/Win64/UE4Editor-OculusEditor.dll (API version 3709383).
LogModuleManager: Display: Found up-to-date module file ../../../Engine/Plugins/Runtime/PhysXVehicles/Binaries/Win64/UE4Editor-PhysXVehicles.dll (API version 3709383).
LogModuleManager: Display: Found up-to-date module file ../../../Engine/Plugins/Runtime/PhysXVehicles/Binaries/Win64/UE4Editor-PhysXVehiclesEditor.dll (API version 3709383).
LogModuleManager: Display: Found up-to-date module file ../../../Engine/Plugins/Runtime/ProceduralMeshComponent/Binaries/Win64/UE4Editor-ProceduralMeshComponent.dll (API version 3709383).
LogModuleManager: Display: Found up-to-date module file ../../../Engine/Plugins/Runtime/ProceduralMeshComponent/Binaries/Win64/UE4Editor-ProceduralMeshComponentEditor.dll (API version 3709383).
LogModuleManager: Display: Found up-to-date module file ../../../Engine/Plugins/Runtime/RuntimePhysXCooking/Binaries/Win64/UE4Editor-RuntimePhysXCooking.dll (API version 3709383).
LogModuleManager: Display: Found up-to-date module file ../../../Engine/Plugins/Runtime/Steam/SteamVR/Binaries/Win64/UE4Editor-SteamVR.dll (API version 3709383).
LogModuleManager: Display: Found up-to-date module file ../../../Engine/Plugins/Runtime/Steam/SteamVR/Binaries/Win64/UE4Editor-SteamVRController.dll (API version 3709383).
LogModuleManager: Display: Found up-to-date module file ../../../Engine/Plugins/Runtime/WindowsMoviePlayer/Binaries/Win64/UE4Editor-WindowsMoviePlayer.dll (API version 3709383).
LogPluginManager: Mounting plugin Paper2D
LogPluginManager: Mounting plugin LightPropagationVolume
LogPluginManager: Mounting plugin CodeLiteSourceCodeAccess
LogPluginManager: Mounting plugin GitSourceControl
LogPluginManager: Mounting plugin KDevelopSourceCodeAccess
LogPluginManager: Mounting plugin NullSourceCodeAccess
LogPluginManager: Mounting plugin PerforceSourceControl
LogPluginManager: Mounting plugin SubversionSourceControl
LogPluginManager: Mounting plugin UObjectPlugin
LogPluginManager: Mounting plugin VisualStudioCodeSourceCodeAccess
LogPluginManager: Mounting plugin VisualStudioSourceCodeAccess
LogPluginManager: Mounting plugin XCodeSourceCodeAccess
LogPluginManager: Mounting plugin AssetManagerEditor
LogPluginManager: Mounting plugin AudioCapture
LogPluginManager: Mounting plugin FacialAnimation
LogPluginManager: Mounting plugin GameplayTagsEditor
LogPluginManager: Mounting plugin MobileLauncherProfileWizard
LogPluginManager: Mounting plugin PluginBrowser
LogPluginManager: Mounting plugin SpeedTreeImporter
LogPluginManager: Mounting plugin AlembicImporter
LogPluginManager: Mounting plugin CharacterAI
LogPluginManager: Mounting plugin HTML5Networking
LogPluginManager: Mounting plugin AndroidMedia
LogPluginManager: Mounting plugin AvfMedia
LogPluginManager: Mounting plugin ImgMedia
LogPluginManager: Mounting plugin MediaCompositing
LogPluginManager: Mounting plugin MediaPlayerEditor
LogPluginManager: Mounting plugin WmfMedia
LogPluginManager: Mounting plugin TcpMessaging
LogPluginManager: Mounting plugin UdpMessaging
LogPluginManager: Mounting plugin ActorSequence
LogPluginManager: Mounting plugin LevelSequenceEditor
LogPluginManager: Mounting plugin MatineeToLevelSequence
LogPluginManager: Mounting plugin OnlineSubsystemGooglePlay
LogPluginManager: Mounting plugin OnlineSubsystemIOS
LogPluginManager: Mounting plugin OnlineSubsystem
LogPluginManager: Mounting plugin OnlineSubsystemNull
LogPluginManager: Mounting plugin OnlineSubsystemUtils
LogPluginManager: Mounting plugin AndroidDeviceProfileSelector
LogPluginManager: Mounting plugin AndroidMoviePlayer
LogPluginManager: Mounting plugin AndroidPermission
LogPluginManager: Mounting plugin AppleARKit
LogPluginManager: Mounting plugin AppleMoviePlayer
LogPluginManager: Mounting plugin ArchVisCharacter
LogPluginManager: Mounting plugin CableComponent
LogPluginManager: Mounting plugin CustomMeshComponent
LogPluginManager: Mounting plugin ExampleDeviceProfileSelector
LogPluginManager: Mounting plugin GoogleCloudMessaging
LogPluginManager: Mounting plugin ImmediatePhysics
LogPluginManager: Mounting plugin IOSDeviceProfileSelector
LogPluginManager: Mounting plugin LinuxDeviceProfileSelector
LogPluginManager: Mounting plugin LocationServicesBPLibrary
LogPluginManager: Mounting plugin MobilePatchingUtils
LogPluginManager: Mounting plugin OculusVR
LogPluginManager: Plugin shader directory ../../../Engine/Plugins/Runtime/Oculus/OculusVR/Shaders found
LogPluginManager: Mapping shader source directory ../../../Engine/Plugins/Runtime/Oculus/OculusVR/Shaders to virtual directory /Plugin/OculusVR
LogPluginManager: Mounting plugin PhysXVehicles
LogPluginManager: Mounting plugin ProceduralMeshComponent
LogPluginManager: Mounting plugin RuntimePhysXCooking
LogPluginManager: Mounting plugin SteamVR
LogPluginManager: Mounting plugin WindowsMoviePlayer
LogInit: Using libcurl 7.47.1
LogInit:  - built for x86_64-pc-win32
LogInit:  - supports SSL with OpenSSL/1.0.2g
LogInit:  - supports HTTP deflate (compression) using libz 1.2.8
LogInit:  - other features:
LogInit:      CURL_VERSION_SSL
LogInit:      CURL_VERSION_LIBZ
LogInit:      CURL_VERSION_IPV6
LogInit:      CURL_VERSION_ASYNCHDNS
LogInit:      CURL_VERSION_LARGEFILE
LogInit:      CURL_VERSION_IDN
LogInit:  CurlRequestOptions (configurable via config and command line):
LogInit:  - bVerifyPeer = false  - Libcurl will NOT verify peer certificate
LogInit:  - bUseHttpProxy = false  - Libcurl will NOT use HTTP proxy
LogInit:  - bDontReuseConnections = false  - Libcurl will reuse connections
LogInit:  - CertBundlePath = nullptr  - Libcurl will use whatever was configured at build time.
LogInit: Build: ++UE4+Release-4.18-CL-3832480
LogInit: Engine Version: 4.18.3-3832480+++UE4+Release-4.18
LogInit: Compatible Engine Version: 4.18.0-3709383+++UE4+Release-4.18
LogInit: Net CL: 3709383
LogDevObjectVersion: Number of dev versions registered: 16
LogDevObjectVersion:   Dev-Blueprints (B0D832E4-1F89-4F0D-ACCF-7EB736FD4AA2): 10
LogDevObjectVersion:   Dev-Build (E1C64328-A22C-4D53-A36C-8E866417BD8C): 0
LogDevObjectVersion:   Dev-Core (375EC13C-06E4-48FB-B500-84F0262A717E): 2
LogDevObjectVersion:   Dev-Editor (E4B068ED-F494-42E9-A231-DA0B2E46BB41): 20
LogDevObjectVersion:   Dev-Framework (CFFC743F-43B0-4480-9391-14DF171D2073): 30
LogDevObjectVersion:   Dev-Mobile (B02B49B5-BB20-44E9-A304-32B752E40360): 0
LogDevObjectVersion:   Dev-Networking (A4E4105C-59A1-49B5-A7C5-40C4547EDFEE): 0
LogDevObjectVersion:   Dev-Online (39C831C9-5AE6-47DC-9A44-9C173E1C8E7C): 0
LogDevObjectVersion:   Dev-Physics (78F01B33-EBEA-4F98-B9B4-84EACCB95AA2): 0
LogDevObjectVersion:   Dev-Platform (6631380F-2D4D-43E0-8009-CF276956A95A): 0
LogDevObjectVersion:   Dev-Rendering (12F88B9F-8875-4AFC-A67C-D90C383ABD29): 20
LogDevObjectVersion:   Dev-Sequencer (7B5AE74C-D270-4C10-A958-57980B212A5A): 4
LogDevObjectVersion:   Dev-VR (D7296918-1DD6-4BDD-9DE2-64A83CC13884): 0
LogDevObjectVersion:   Dev-LoadTimes (C2A15278-BFE7-4AFE-6C17-90FF531DF755): 1
LogDevObjectVersion:   Private-Geometry (6EACA3D4-40EC-4CC1-B786-8BED09428FC5): 1
LogDevObjectVersion:   Dev-AnimPhys (29E575DD-E0A3-4627-9D10-D276232CDCEA): 12
LogInit: Compiled (64-bit): Jan 12 2018 02:04:55
LogInit: Compiled with Visual C++: 19.00.24215.01
LogInit: Build Configuration: Development
LogInit: Branch Name: ++UE4+Release-4.18
LogInit: Command line: -EpicPortal 
LogInit: Base directory: E:/Unreal Engine/UE_4.18/Engine/Binaries/Win64/
LogInit: Installed Engine Build: 1
LogInit: Presizing for max 8388607 objects, including 0 objects not considered by GC, pre-allocating 0 bytes for permanent pool.
LogInit: Object subsystem initialized
[2018.04.30-09.37.07:919][  0]LogInit: Selected Device Profile: [Windows]
[2018.04.30-09.37.07:919][  0]LogInit: Applying CVar settings loaded from the selected device profile: [Windows]
[2018.04.30-09.37.07:962][  0]LogInit: Computer: DEVELOP-0H65KPL
[2018.04.30-09.37.07:962][  0]LogInit: User: JBrand52
[2018.04.30-09.37.07:962][  0]LogInit: CPU Page size=4096, Cores=4
[2018.04.30-09.37.07:962][  0]LogInit: High frequency timer resolution =3.328132 MHz
[2018.04.30-09.37.07:962][  0]LogMemory: Memory total: Physical=7.9GB (8GB approx)
[2018.04.30-09.37.07:962][  0]LogMemory: Platform Memory Stats for Windows
[2018.04.30-09.37.07:962][  0]LogMemory: Process Physical Memory: 272.45 MB used, 272.45 MB peak
[2018.04.30-09.37.07:962][  0]LogMemory: Process Virtual Memory: 269.64 MB used, 269.64 MB peak
[2018.04.30-09.37.07:962][  0]LogMemory: Physical Memory: 6974.44 MB used,  1122.19 MB free, 8096.63 MB total
[2018.04.30-09.37.07:962][  0]LogMemory: Virtual Memory: 644.34 MB used,  1122.19 MB free, 134217728.00 MB total
[2018.04.30-09.37.08:987][  0]LogInit: Using OS detected language (en-GB).
[2018.04.30-09.37.08:987][  0]LogInit: Using OS detected locale (en-GB).
[2018.04.30-09.37.08:992][  0]LogTextLocalizationManager: No specific localization for 'en-GB' exists, so the 'en' localization will be used.
[2018.04.30-09.37.09:376][  0]LogInit: Setting process to per monitor DPI aware
[2018.04.30-09.37.10:091][  0]LogD3D11RHI: D3D11 adapters:
[2018.04.30-09.37.10:107][  0]LogD3D11RHI:    0. 'AMD Radeon(TM) R7 350X' (Feature Level 11_0)
[2018.04.30-09.37.10:107][  0]LogD3D11RHI:       4077/0/4048 MB DedicatedVideo/DedicatedSystem/SharedSystem, Outputs:1, VendorId:0x1002
[2018.04.30-09.37.10:109][  0]LogD3D11RHI:    1. 'Microsoft Basic Render Driver' (Feature Level 11_0)
[2018.04.30-09.37.10:109][  0]LogD3D11RHI:       0/0/4048 MB DedicatedVideo/DedicatedSystem/SharedSystem, Outputs:0, VendorId:0x1414
[2018.04.30-09.37.10:109][  0]LogD3D11RHI: Chosen D3D11 Adapter: 0
[2018.04.30-09.37.10:114][  0]LogD3D11RHI: Creating new Direct3DDevice
[2018.04.30-09.37.10:114][  0]LogD3D11RHI:     GPU DeviceId: 0x6610 (for the marketing name, search the web for "GPU Device Id")
[2018.04.30-09.37.10:114][  0]LogWindows: EnumDisplayDevices:
[2018.04.30-09.37.10:114][  0]LogWindows:    0. 'AMD Radeon(TM) R7 350X' (P:1 D:1)
[2018.04.30-09.37.10:114][  0]LogWindows:    1. 'AMD Radeon(TM) R7 350X' (P:0 D:0)
[2018.04.30-09.37.10:114][  0]LogWindows: DebugString: FoundDriverCount:2 
[2018.04.30-09.37.10:114][  0]LogD3D11RHI:     Adapter Name: AMD Radeon(TM) R7 350X
[2018.04.30-09.37.10:114][  0]LogD3D11RHI:   Driver Version: Crimson ReLive 17.1.1 (internal:22.19.172.258, unified:22.19.172.258)
[2018.04.30-09.37.10:114][  0]LogD3D11RHI:      Driver Date: 6-19-2017
[2018.04.30-09.37.10:114][  0]LogRHI: Texture pool is 2854 MB (70% of 4077 MB)
[2018.04.30-09.37.10:146][  0]LogD3D11RHI: Async texture creation enabled
[2018.04.30-09.37.10:157][  0]LogD3D11RHI: GPU Timing Frequency: 27.000000 (Debug: 2 1)
[2018.04.30-09.37.10:158][  0]LogShaderCompilers: Guid format shader working directory is -7 characters bigger than the processId version (../../../../../Game Development/UE4/EndlessRunnerCleaned/Intermediate/Shaders/WorkingDirectory/7964/).
[2018.04.30-09.37.10:158][  0]LogShaderCompilers: Cleaned the shader compiler working directory 'C:/Users/jbrand52/AppData/Local/Temp/UnrealShaderWorkingDir/DED034D54A7F681C0CD600B3A9342088/'.
[2018.04.30-09.37.10:158][  0]LogShaderCompilers: Display: Using Local Shader Compiler.
[2018.04.30-09.37.11:706][  0]LogTemp: Display: Loaded TP AllDesktopTargetPlatform
[2018.04.30-09.37.11:973][  0]LogTemp: Display: Loaded TP MacClientTargetPlatform
[2018.04.30-09.37.12:237][  0]LogTemp: Display: Loaded TP MacNoEditorTargetPlatform
[2018.04.30-09.37.12:498][  0]LogTemp: Display: Loaded TP MacServerTargetPlatform
[2018.04.30-09.37.12:759][  0]LogTemp: Display: Loaded TP MacTargetPlatform
[2018.04.30-09.37.13:025][  0]LogTemp: Display: Loaded TP WindowsClientTargetPlatform
[2018.04.30-09.37.13:290][  0]LogTemp: Display: Loaded TP WindowsNoEditorTargetPlatform
[2018.04.30-09.37.13:554][  0]LogTemp: Display: Loaded TP WindowsServerTargetPlatform
[2018.04.30-09.37.13:808][  0]LogTemp: Display: Loaded TP WindowsTargetPlatform
[2018.04.30-09.37.14:069][  0]LogTemp: Display: Loaded TP Android_ASTCTargetPlatform
[2018.04.30-09.37.14:341][  0]LogTemp: Display: Loaded TP Android_ATCTargetPlatform
[2018.04.30-09.37.14:606][  0]LogTemp: Display: Loaded TP Android_DXTTargetPlatform
[2018.04.30-09.37.14:865][  0]LogTemp: Display: Loaded TP Android_ETC1TargetPlatform
[2018.04.30-09.37.15:125][  0]LogTemp: Display: Loaded TP Android_ETC2TargetPlatform
[2018.04.30-09.37.15:647][  0]LogTemp: Display: Loaded TP Android_MultiTargetPlatform
[2018.04.30-09.37.15:647][  0]LogTemp: Display: Loaded TP Android_PVRTCTargetPlatform
[2018.04.30-09.37.15:909][  0]LogTemp: Display: Loaded TP AndroidTargetPlatform
[2018.04.30-09.37.16:159][  0]LogTemp: Display: Loaded TP HTML5TargetPlatform
[2018.04.30-09.37.16:554][  0]LogTemp: Display: Loaded TP IOSTargetPlatform
[2018.04.30-09.37.16:697][  0]LogTemp: Display: Loaded TP TVOSTargetPlatform
[2018.04.30-09.37.16:956][  0]LogTemp: Display: Loaded TP LinuxClientTargetPlatform
[2018.04.30-09.37.17:215][  0]LogTemp: Display: Loaded TP LinuxNoEditorTargetPlatform
[2018.04.30-09.37.17:474][  0]LogTemp: Display: Loaded TP LinuxServerTargetPlatform
[2018.04.30-09.37.17:735][  0]LogTemp: Display: Loaded TP LinuxTargetPlatform
[2018.04.30-09.37.17:735][  0]LogTargetPlatformManager: Display: Building Assets For Windows
[2018.04.30-09.37.20:368][  0]LogDerivedDataCache: Display: Max Cache Size: 512 MB
[2018.04.30-09.37.20:459][  0]LogDerivedDataCache: Loaded boot cache 0.09s 90MB C:/Users/jbrand52/AppData/Local/UnrealEngine/4.18/DerivedDataCache/Boot.ddc.
[2018.04.30-09.37.20:460][  0]LogDerivedDataCache: Display: Loaded Boot cache: C:/Users/jbrand52/AppData/Local/UnrealEngine/4.18/DerivedDataCache/Boot.ddc
[2018.04.30-09.37.20:460][  0]LogDerivedDataCache: FDerivedDataBackendGraph:  Pak pak cache file ../../../../../Game Development/UE4/EndlessRunnerCleaned/DerivedDataCache/DDC.ddp not found, will not use a pak cache.
[2018.04.30-09.37.20:460][  0]LogDerivedDataCache: Unable to find inner node Pak for hierarchical cache Hierarchy.
[2018.04.30-09.37.20:460][  0]LogDerivedDataCache: FDerivedDataBackendGraph:  CompressedPak pak cache file ../../../../../Game Development/UE4/EndlessRunnerCleaned/DerivedDataCache/Compressed.ddp not found, will not use a pak cache.
[2018.04.30-09.37.20:460][  0]LogDerivedDataCache: Unable to find inner node CompressedPak for hierarchical cache Hierarchy.
[2018.04.30-09.37.20:473][  0]LogDerivedDataCache: Display: Pak cache opened for reading ../../../Engine/DerivedDataCache/Compressed.ddp.
[2018.04.30-09.37.20:485][  0]LogDerivedDataCache: Using Local data cache path C:/Users/jbrand52/AppData/Local/UnrealEngine/Common/DerivedDataCache: Writable
[2018.04.30-09.37.20:494][  0]LogMaterial: Verifying Global Shaders for PCD3D_SM5
[2018.04.30-09.37.20:494][  0]LogSlate: Using Freetype 2.6.0
[2018.04.30-09.37.20:495][  0]LogSlate: SlateFontCache - WITH_FREETYPE: 1, WITH_HARFBUZZ: 1
[2018.04.30-09.37.20:495][  0]LogSlate: SlateFontCache - WITH_FREETYPE: 1, WITH_HARFBUZZ: 1
[2018.04.30-09.37.20:985][  0]LogInit: Selected Device Profile: [Windows]
[2018.04.30-09.37.22:360][  0]LogSimplygon: Simplygon DLL not present - disabling.
[2018.04.30-09.37.22:612][  0]LogMeshReduction: Using SimplygonSwarm for distributed automatic mesh merging
[2018.04.30-09.37.22:612][  0]LogMeshReduction: Using QuadricMeshReduction for automatic static mesh reduction
[2018.04.30-09.37.22:612][  0]LogMeshReduction: No automatic skeletal mesh reduction module available
[2018.04.30-09.37.22:612][  0]LogMeshReduction: No automatic mesh merging module available
[2018.04.30-09.37.22:612][  0]LogMeshMerging: No automatic mesh merging module available
[2018.04.30-09.37.22:644][  0]LogNetVersion: EndlessRunnerCleaned , NetCL: 3709383, EngineNetVer: 2, GameNetVer: 0 (Checksum: 3552922402)
[2018.04.30-09.37.23:025][  0]LogAssetRegistry: FAssetRegistry took 0.0271 seconds to start up
[2018.04.30-09.37.24:175][  0]LogPackageLocalizationCache: Processed 7 localized package path(s) for 2 prioritized culture(s) in 0.225336 seconds
[2018.04.30-09.37.24:181][  0]LogUObjectArray: 35870 objects as part of root set at end of initial load.
[2018.04.30-09.37.24:181][  0]LogUObjectAllocator: 7363704 out of 0 bytes used by permanent object pool.
[2018.04.30-09.37.24:181][  0]LogUObjectArray: CloseDisregardForGC: 0/0 objects in disregard for GC pool
[2018.04.30-09.37.24:547][  0]LogInit: WinSock: version 1.1 (2.2), MaxSocks=32767, MaxUdp=65467
[2018.04.30-09.37.35:390][  0]LogTcpMessaging: Initializing TcpMessaging bridge
[2018.04.30-09.37.35:546][  0]LogUdpMessaging: Initializing bridge on interface 0.0.0.0:0 to multicast group 230.0.0.1:6666.
[2018.04.30-09.37.38:643][  0]LogMaterial: Uniform references updated for custom material expression Custom.
[2018.04.30-09.37.40:583][  0]SourceControl: Source control is disabled
[2018.04.30-09.37.40:583][  0]SourceControl: Source control is disabled
[2018.04.30-09.37.40:856][  0]SourceControl: Source control is disabled
[2018.04.30-09.37.41:125][  0]SourceControl: Source control is disabled
[2018.04.30-09.37.45:181][  0]LogAndroidPermission: UAndroidPermissionCallbackProxy::GetInstance
[2018.04.30-09.37.46:551][  0]LogOcInput: OculusInput pre-init called
[2018.04.30-09.37.47:928][  0]LogEngine: Initializing Engine...
[2018.04.30-09.37.47:931][  0]LogHMD: Failed to initialize OpenVR with code 110
[2018.04.30-09.37.48:135][  0]LogStats: UGameplayTagsManager::ConstructGameplayTagTree: Construct from data asset -  0.000 s
[2018.04.30-09.37.48:135][  0]LogStats: UGameplayTagsManager::ConstructGameplayTagTree: GameplayTagTreeChangedEvent.Broadcast -  0.000 s
[2018.04.30-09.37.48:960][  0]LogAIModule: Creating AISystem for world Untitled
[2018.04.30-09.37.48:969][  0]LogInit: XAudio2 using 'Speakers / Headphones (Realtek Audio)' : 2 channels at 48 kHz using 32 bits per sample (channel mask 0x3)
[2018.04.30-09.37.48:983][  0]LogInit: FAudioDevice initialized.
[2018.04.30-09.37.49:084][  0]LogDerivedDataCache: Saved boot cache 0.10s 90MB C:/Users/jbrand52/AppData/Local/UnrealEngine/4.18/DerivedDataCache/Boot.ddc.
[2018.04.30-09.37.49:101][  0]LogInit: Texture streaming: Enabled
[2018.04.30-09.37.49:780][  0]LogEngineSessionManager: EngineSessionManager initialized
[2018.04.30-09.37.50:652][  0]LogInit: Transaction tracking system initialized
[2018.04.30-09.37.52:583][  0]BlueprintLog: New page: Editor Load
[2018.04.30-09.37.58:061][  0]LocalizationService: Localization service is disabled
[2018.04.30-09.38.02:356][  0]LogConsoleResponse: Display: 
[2018.04.30-09.38.02:661][  0]LogFileCache: Scanning file cache for directory 'E:/Game Development/UE4/EndlessRunnerCleaned/Content/' took 0.01s
[2018.04.30-09.38.02:661][  0]LogCook: Display: Max memory allowance for cook 16384mb min free memory 0mb
[2018.04.30-09.38.02:661][  0]LogCook: Display: Mobile HDR setting 1
[2018.04.30-09.38.02:661][  0]LogGameplayTags: Display: UGameplayTagsManager::DoneAddingNativeTags. DelegateIsBound: 0
[2018.04.30-09.38.09:086][  0]SourceControl: Source control is disabled
[2018.04.30-09.38.09:086][  0]Cmd: MAP LOAD FILE="../../../Engine/Content/Maps/Templates/Template_Default.umap" TEMPLATE=1 SHOWPROGRESS=1 FEATURELEVEL=3
[2018.04.30-09.38.09:087][  0]LightingResults: New page: Lighting Build
[2018.04.30-09.38.09:342][  0]MapCheck: New page: Map Check
[2018.04.30-09.38.09:342][  0]LightingResults: New page: Lighting Build
[2018.04.30-09.38.09:757][  0]LogAIModule: Creating AISystem for world Untitled_1
[2018.04.30-09.38.09:766][  0]LogEditorServer: Finished looking for orphan Actors (0.000 secs)
[2018.04.30-09.38.09:776][  0]Cmd: MAP CHECKDEP NOCLEARLOG
[2018.04.30-09.38.09:851][  0]MapCheck: Map check complete: 0 Error(s), 0 Warning(s), took 74.834ms to complete.
[2018.04.30-09.38.09:851][  0]LogFileHelpers: Loading map 'Template_Default' took 0.765
[2018.04.30-09.38.10:124][  0]LogCollectionManager: Loaded 0 collections in 0.001408 seconds
[2018.04.30-09.38.10:458][  0]LogFileCache: Scanning file cache for directory 'E:/Game Development/UE4/EndlessRunnerCleaned/Saved/Collections/' took 0.01s
[2018.04.30-09.38.10:458][  0]LogFileCache: Scanning file cache for directory 'E:/Game Development/UE4/EndlessRunnerCleaned/Content/Developers/JBrand52/Collections/' took 0.01s
[2018.04.30-09.38.10:459][  0]LogFileCache: Scanning file cache for directory 'E:/Game Development/UE4/EndlessRunnerCleaned/Content/Collections/' took 0.01s
[2018.04.30-09.38.10:459][  0]LogCollectionManager: Rebuilt the GUID cache for 0 collections in 0.000000 seconds
[2018.04.30-09.38.10:466][  0]LogContentBrowser: Native class hierarchy populated in 0.0074 seconds. Added 2363 classes and 519 folders.
[2018.04.30-09.38.10:867][  0]LogContentBrowser: Native class hierarchy updated for 'WidgetCarousel' in 0.0003 seconds. Added 0 classes and 0 folders.
[2018.04.30-09.38.11:577][  0]LogContentBrowser: Native class hierarchy updated for 'AddContentDialog' in 0.0008 seconds. Added 0 classes and 0 folders.
[2018.04.30-09.38.11:890][  0]LogContentBrowser: Native class hierarchy updated for 'SceneOutliner' in 0.0006 seconds. Added 1 classes and 2 folders.
[2018.04.30-09.38.11:960][  0]LogSlate: Took 0.000233 seconds to synchronously load lazily loaded font '../../../Engine/Content/Slate/Fonts/Roboto-Regular.ttf' (155K)
[2018.04.30-09.38.11:961][  0]LogSlate: Took 0.000216 seconds to synchronously load lazily loaded font '../../../Engine/Content/Slate/Fonts/Roboto-Bold.ttf' (160K)
[2018.04.30-09.38.11:978][  0]LogSlate: Took 0.012134 seconds to synchronously load lazily loaded font '../../../Engine/Content/Editor/Slate/Fonts/FontAwesome.ttf' (139K)
[2018.04.30-09.38.12:080][  0]LogRenderer: Reallocating scene render targets to support 812x348 Format 10 NumSamples 1 (Frame:1).
[2018.04.30-09.38.12:485][  0]LogContentBrowser: Native class hierarchy updated for 'HierarchicalLODOutliner' in 0.0003 seconds. Added 1 classes and 2 folders.
[2018.04.30-09.38.12:485][  0]LogLoad: (Engine Initialization) Total time: 74.39 seconds
[2018.04.30-09.38.12:485][  0]LogLoad: (Engine Initialization) Total Blueprint compile time: 0.00 seconds
[2018.04.30-09.38.12:485][  0]LogExternalProfiler: Found external profiler: VSPerf
[2018.04.30-09.38.12:485][  0]LogExternalProfiler: Using external profiler: VSPerf
[2018.04.30-09.38.12:496][  0]LogWindowsTextInputMethodSystem: Display: IME system now deactivated.
[2018.04.30-09.38.12:533][  0]LogAssetRegistry: Asset discovery search completed in 49.5308 seconds
[2018.04.30-09.38.12:535][  0]LogCollectionManager: Rebuilt the object cache for 0 collections in 0.000000 seconds (found 0 objects)
[2018.04.30-09.38.12:535][  0]LogCollectionManager: Fixed up redirectors for 0 collections in 0.000038 seconds (updated 0 objects)
[2018.04.30-09.38.12:535][  0]LogContentStreaming: Texture pool size now 1000 MB
[2018.04.30-09.40.39:094][162]LogSlate: Took 0.000189 seconds to synchronously load lazily loaded font '../../../Engine/Content/Slate/Fonts/Roboto-Light.ttf' (159K)
[2018.04.30-09.40.47:967][849]LogSlate: Took 0.000119 seconds to synchronously load lazily loaded font '../../../Engine/Content/Slate/Fonts/Roboto-Light.ttf' (159K)
[2018.04.30-09.40.48:380][849]LogBlueprint: Warning: [Compiler RunCharacter] InputAction Event references unknown Action 'Jump' for  InputAction Jump
[2018.04.30-09.40.48:380][849]LogBlueprint: Warning: [Compiler RunCharacter] Input Axis Event references unknown Axis 'MoveRight' for  InputAxis MoveRight
[2018.04.30-09.40.48:390][849]LogBlueprint: Warning: [Compiler RunCharacter] [0230.30] Compile of RunCharacter successful, but with 2 Warning(s) [in 337 ms] (/Game/ThirdPersonBP/Blueprints/RunCharacter.RunCharacter)
[2018.04.30-09.40.48:529][849]LogLinker: Warning: Asset '../../../../../Game Development/UE4/EndlessRunnerCleaned/Content/Assets/Materials/M_Railing.uasset' has been saved with empty engine version. The asset will be loaded but may be incompatible.
[2018.04.30-09.40.48:800][849]LogSlate: Took 0.000153 seconds to synchronously load lazily loaded font '../../../Engine/Content/Slate/Fonts/Roboto-Regular.ttf' (155K)
[2018.04.30-09.40.48:824][849]LogMaterial: Missing cached shader map for material M_Metal_Gold, compiling. 
[2018.04.30-09.40.48:884][849]LogMaterial: Missing cached shader map for material M_Add_Sprite_Master_DepthFade, compiling. 
[2018.04.30-09.40.48:962][849]LogMaterial: Missing cached shader map for material M_IceT3_Fort_Floor_05, compiling. 
[2018.04.30-09.40.48:995][849]LogMaterial: Missing cached shader map for material M_Add_Sprite_2Sided_Master, compiling. 
[2018.04.30-09.40.49:085][849]LogMaterial: Missing cached shader map for material M_Radial_Gradient, compiling. 
[2018.04.30-09.40.49:163][849]LogMaterial: Missing cached shader map for material M_Heat_Distortion, compiling. 
[2018.04.30-09.40.49:205][849]LogMaterial: Missing cached shader map for material M_Fire_SubUV, compiling. 
[2018.04.30-09.40.49:220][849]LogMaterial: Warning: E:\Game Development\UE4\EndlessRunnerCleaned\Content\StarterContent\Particles\Materials\M_Fire_SubUV.uasset: Failed to compile Material for platform PCD3D_SM5, Default Material will be used in game.
[2018.04.30-09.40.49:220][849]LogMaterial: 	(Node TextureSample) TextureSample> Sampler type is Color, should be Linear Color for /Game/StarterContent/Textures/T_Fire_Tiled_D.T_Fire_Tiled_D
[2018.04.30-09.40.49:225][849]LogMaterial: Missing cached shader map for material M_Lava_Flowing, compiling. 
[2018.04.30-09.40.49:276][849]LogMaterial: Missing cached shader map for material M_Stairs, compiling. 
[2018.04.30-09.40.49:330][849]LogMaterial: Missing cached shader map for material M_IceMountain_CliffSide_SnowBlend, compiling. 
[2018.04.30-09.40.49:374][849]LogMaterial: Missing cached shader map for material M_Rune_Floor_1, compiling. 
[2018.04.30-09.40.49:410][849]LogMaterial: Missing cached shader map for material M_Railing, compiling. 
[2018.04.30-09.40.49:449][849]LogMaterial: Missing cached shader map for material M_Procedural_Sky_MASTER02, compiling. 
[2018.04.30-09.40.49:554][849]LogMaterial: Missing cached shader map for material ClothesShader, compiling. 
[2018.04.30-09.40.49:649][849]LogMaterial: Missing cached shader map for material SkinShader, compiling. 
[2018.04.30-09.40.49:719][849]LogMaterial: Missing cached shader map for material M_Statue, compiling. 
[2018.04.30-09.40.49:754][849]LogMaterial: Missing cached shader map for material M_FirePit, compiling. 
[2018.04.30-09.40.49:784][849]LogMaterial: Missing cached shader map for material M_Fire, compiling. 
[2018.04.30-09.40.49:843][849]LogAIModule: Creating AISystem for world MyLevel
[2018.04.30-09.40.49:899][849]Cmd: MAP LOAD FILE="../../../../../Game Development/UE4/EndlessRunnerCleaned/Content/Level_Assets/MyLevel.umap" TEMPLATE=0 SHOWPROGRESS=1 FEATURELEVEL=3
[2018.04.30-09.40.49:899][849]LightingResults: New page: Lighting Build
[2018.04.30-09.40.49:899][849]LoadErrors: New page: Loading map: MyLevel.umap
[2018.04.30-09.40.49:900][849]MapCheck: New page: Map Check
[2018.04.30-09.40.49:900][849]LightingResults: New page: Lighting Build
[2018.04.30-09.40.50:012][849]LogEditorServer: Finished looking for orphan Actors (0.000 secs)
[2018.04.30-09.40.50:094][849]Cmd: MAP CHECKDEP NOCLEARLOG
[2018.04.30-09.40.50:403][849]MapCheck: Map check complete: 0 Error(s), 0 Warning(s), took 308.748ms to complete.
[2018.04.30-09.40.50:404][849]LogFileHelpers: Loading map 'MyLevel' took 0.506
[2018.04.30-09.40.55:031][ 86]LogTemp: Repeating last play command: Selected Viewport
[2018.04.30-09.40.55:097][ 86]LogBlueprintUserMessages: Early PlayInEditor Detection: Level '/Game/Level_Assets/MyLevel.MyLevel:PersistentLevel' has LevelScriptBlueprint '/Game/Level_Assets/MyLevel.MyLevel:PersistentLevel.MyLevel' with GeneratedClass '/Game/Level_Assets/MyLevel.MyLevel_C' with ClassGeneratedBy '/Game/Level_Assets/MyLevel.MyLevel:PersistentLevel.MyLevel'
[2018.04.30-09.40.55:097][ 86]LogPlayLevel: PlayLevel: No blueprints needed recompiling
[2018.04.30-09.40.55:098][ 86]PIE: New page: PIE session: MyLevel (30 Apr 2018 11:40:55)
[2018.04.30-09.40.55:098][ 86]LogPlayLevel: Creating play world package: /Game/Level_Assets/UEDPIE_0_MyLevel
[2018.04.30-09.40.55:099][ 86]LogPlayLevel: PIE: StaticDuplicateObject took: (0.001496s)
[2018.04.30-09.40.55:100][ 86]LogAIModule: Creating AISystem for world MyLevel
[2018.04.30-09.40.55:100][ 86]LogPlayLevel: PIE: World Init took: (0.000707s)
[2018.04.30-09.40.55:100][ 86]LogPlayLevel: PIE: Created PIE world by copying editor world from /Game/Level_Assets/MyLevel.MyLevel to /Game/Level_Assets/UEDPIE_0_MyLevel.MyLevel (0.002580s)
[2018.04.30-09.40.55:113][ 86]LogInit: XAudio2 using 'Speakers / Headphones (Realtek Audio)' : 2 channels at 48 kHz using 32 bits per sample (channel mask 0x3)
[2018.04.30-09.40.55:129][ 86]LogInit: FAudioDevice initialized.
[2018.04.30-09.40.55:179][ 86]LogLoad: Game class is 'RunGameMode_C'
[2018.04.30-09.40.55:181][ 86]LogWorld: Bringing World /Game/Level_Assets/UEDPIE_0_MyLevel.MyLevel up for play (max tick rate 0) at 2018.04.30-10.40.55
[2018.04.30-09.40.55:181][ 86]LogWorld: Bringing up level for play took: 0.000623
[2018.04.30-09.40.55:536][ 86]LogContentBrowser: Native class hierarchy updated for 'MovieSceneCapture' in 0.0005 seconds. Added 11 classes and 0 folders.
[2018.04.30-09.40.55:536][ 86]LogGameMode: Display: Match State Changed from EnteringMap to WaitingToStart
[2018.04.30-09.40.55:536][ 86]LogGameState: Match State Changed from EnteringMap to WaitingToStart
[2018.04.30-09.40.55:536][ 86]LogGameMode: Display: Match State Changed from WaitingToStart to InProgress
[2018.04.30-09.40.55:572][ 86]LogGameState: Match State Changed from WaitingToStart to InProgress
[2018.04.30-09.40.55:572][ 86]PIE: Play in editor start time for /Game/Level_Assets/UEDPIE_0_MyLevel -0.135
[2018.04.30-09.40.55:572][ 86]LogBlueprintUserMessages: Late PlayInEditor Detection: Level '/Game/Level_Assets/MyLevel.MyLevel:PersistentLevel' has LevelScriptBlueprint '/Game/Level_Assets/MyLevel.MyLevel:PersistentLevel.MyLevel' with GeneratedClass '/Game/Level_Assets/MyLevel.MyLevel_C' with ClassGeneratedBy '/Game/Level_Assets/MyLevel.MyLevel:PersistentLevel.MyLevel'
[2018.04.30-09.40.55:637][ 87]LogCharacterMovement: Warning: GetSimulationTimeStep() - Max iterations 8 hit while remaining time 0.064872 > MaxSimulationTimeStep (0.050) for 'RunCharacter_C_0', movement 'Walking'
[2018.04.30-09.40.57:094][162]LogBlueprintUserMessages: Early EndPlayMap Detection: Level '/Game/Level_Assets/MyLevel.MyLevel:PersistentLevel' has LevelScriptBlueprint '/Game/Level_Assets/MyLevel.MyLevel:PersistentLevel.MyLevel' with GeneratedClass '/Game/Level_Assets/MyLevel.MyLevel_C' with ClassGeneratedBy '/Game/Level_Assets/MyLevel.MyLevel:PersistentLevel.MyLevel'
[2018.04.30-09.40.57:144][162]LogBlueprintUserMessages: Late EndPlayMap Detection: Level '/Game/Level_Assets/MyLevel.MyLevel:PersistentLevel' has LevelScriptBlueprint '/Game/Level_Assets/MyLevel.MyLevel:PersistentLevel.MyLevel' with GeneratedClass '/Game/Level_Assets/MyLevel.MyLevel_C' with ClassGeneratedBy '/Game/Level_Assets/MyLevel.MyLevel:PersistentLevel.MyLevel'
[2018.04.30-09.42.52:475][831]Cmd: MAP LOAD FILE="../../../../../Game Development/UE4/EndlessRunnerCleaned/Content/Level_Assets/MyLevel.umap" TEMPLATE=0 SHOWPROGRESS=1 FEATURELEVEL=3
[2018.04.30-09.42.52:476][831]LightingResults: New page: Lighting Build
[2018.04.30-09.42.52:476][831]LoadErrors: New page: Loading map: MyLevel.umap
[2018.04.30-09.42.52:477][831]MapCheck: New page: Map Check
[2018.04.30-09.42.52:477][831]LightingResults: New page: Lighting Build
[2018.04.30-09.42.52:497][831]LogAIModule: Creating AISystem for world MyLevel
[2018.04.30-09.42.52:895][831]LogEditorServer: Finished looking for orphan Actors (0.000 secs)
[2018.04.30-09.42.52:916][831]Cmd: MAP CHECKDEP NOCLEARLOG
[2018.04.30-09.42.53:015][831]MapCheck: Map check complete: 0 Error(s), 0 Warning(s), took 98.559ms to complete.
[2018.04.30-09.42.53:015][831]LogFileHelpers: Loading map 'MyLevel' took 0.540
[2018.04.30-09.42.54:439][885]LogTemp: Repeating last play command: Selected Viewport
[2018.04.30-09.42.54:449][885]LogBlueprintUserMessages: Early PlayInEditor Detection: Level '/Game/Level_Assets/MyLevel.MyLevel:PersistentLevel' has LevelScriptBlueprint '/Game/Level_Assets/MyLevel.MyLevel:PersistentLevel.MyLevel' with GeneratedClass '/Game/Level_Assets/MyLevel.MyLevel_C' with ClassGeneratedBy '/Game/Level_Assets/MyLevel.MyLevel:PersistentLevel.MyLevel'
[2018.04.30-09.42.54:449][885]LogPlayLevel: PlayLevel: No blueprints needed recompiling
[2018.04.30-09.42.54:449][885]PIE: New page: PIE session: MyLevel (30 Apr 2018 11:42:54)
[2018.04.30-09.42.54:449][885]LogPlayLevel: Creating play world package: /Game/Level_Assets/UEDPIE_0_MyLevel
[2018.04.30-09.42.54:450][885]LogPlayLevel: PIE: StaticDuplicateObject took: (0.001129s)
[2018.04.30-09.42.54:451][885]LogAIModule: Creating AISystem for world MyLevel
[2018.04.30-09.42.54:451][885]LogPlayLevel: PIE: World Init took: (0.000664s)
[2018.04.30-09.42.54:451][885]LogPlayLevel: PIE: Created PIE world by copying editor world from /Game/Level_Assets/MyLevel.MyLevel to /Game/Level_Assets/UEDPIE_0_MyLevel.MyLevel (0.002056s)
[2018.04.30-09.42.54:464][885]LogInit: XAudio2 using 'Speakers / Headphones (Realtek Audio)' : 2 channels at 48 kHz using 32 bits per sample (channel mask 0x3)
[2018.04.30-09.42.54:482][885]LogInit: FAudioDevice initialized.
[2018.04.30-09.42.54:548][885]LogLoad: Game class is 'RunGameMode_C'
[2018.04.30-09.42.54:550][885]LogWorld: Bringing World /Game/Level_Assets/UEDPIE_0_MyLevel.MyLevel up for play (max tick rate 0) at 2018.04.30-10.42.54
[2018.04.30-09.42.54:550][885]LogWorld: Bringing up level for play took: 0.000693
[2018.04.30-09.42.54:551][885]LogGameMode: Display: Match State Changed from EnteringMap to WaitingToStart
[2018.04.30-09.42.54:551][885]LogGameState: Match State Changed from EnteringMap to WaitingToStart
[2018.04.30-09.42.54:551][885]LogGameMode: Display: Match State Changed from WaitingToStart to InProgress
[2018.04.30-09.42.54:578][885]LogGameState: Match State Changed from WaitingToStart to InProgress
[2018.04.30-09.42.54:578][885]PIE: Play in editor start time for /Game/Level_Assets/UEDPIE_0_MyLevel 0.872
[2018.04.30-09.42.54:578][885]LogBlueprintUserMessages: Late PlayInEditor Detection: Level '/Game/Level_Assets/MyLevel.MyLevel:PersistentLevel' has LevelScriptBlueprint '/Game/Level_Assets/MyLevel.MyLevel:PersistentLevel.MyLevel' with GeneratedClass '/Game/Level_Assets/MyLevel.MyLevel_C' with ClassGeneratedBy '/Game/Level_Assets/MyLevel.MyLevel:PersistentLevel.MyLevel'
[2018.04.30-09.42.55:270][921]LogCharacterMovement: Warning: GetSimulationTimeStep() - Max iterations 8 hit while remaining time 0.053416 > MaxSimulationTimeStep (0.050) for 'RunCharacter_C_0', movement 'Walking'
[2018.04.30-09.42.56:736][ 17]LogBlueprintUserMessages: Early EndPlayMap Detection: Level '/Game/Level_Assets/MyLevel.MyLevel:PersistentLevel' has LevelScriptBlueprint '/Game/Level_Assets/MyLevel.MyLevel:PersistentLevel.MyLevel' with GeneratedClass '/Game/Level_Assets/MyLevel.MyLevel_C' with ClassGeneratedBy '/Game/Level_Assets/MyLevel.MyLevel:PersistentLevel.MyLevel'
[2018.04.30-09.42.56:793][ 17]LogBlueprintUserMessages: Late EndPlayMap Detection: Level '/Game/Level_Assets/MyLevel.MyLevel:PersistentLevel' has LevelScriptBlueprint '/Game/Level_Assets/MyLevel.MyLevel:PersistentLevel.MyLevel' with GeneratedClass '/Game/Level_Assets/MyLevel.MyLevel_C' with ClassGeneratedBy '/Game/Level_Assets/MyLevel.MyLevel:PersistentLevel.MyLevel'
